This file contains any messages produced by compilers while
running configure, to aid debugging if configure makes a mistake.

It was created by mathformula configure 1.0.0, which was
generated by GNU Autoconf 2.63.  Invocation command line was

  $ ./configure 

## --------- ##
## Platform. ##
## --------- ##

hostname = localhost.localdomain
uname -m = x86_64
uname -r = 2.6.32-696.10.2.el6.x86_64
uname -s = Linux
uname -v = #1 SMP Tue Sep 12 14:33:29 UTC 2017

/usr/bin/uname -p = unknown
/bin/uname -X     = unknown

/bin/arch              = x86_64
/usr/bin/arch -k       = unknown
/usr/convex/getsysinfo = unknown
/usr/bin/hostinfo      = unknown
/bin/machine           = unknown
/usr/bin/oslevel       = unknown
/bin/universe          = unknown

PATH: /usr/bin
PATH: /usr/local/mongodb/bin
PATH: /usr/local/gcc-build/bin
PATH: /usr/local/sbin
PATH: /usr/local/bin
PATH: /sbin
PATH: /bin
PATH: /usr/sbin
PATH: /usr/bin
PATH: /root/bin
PATH: /usr/local/go/bin


## ----------- ##
## Core tests. ##
## ----------- ##

configure:1875: checking for a BSD-compatible install
configure:1943: result: /usr/bin/install -c
configure:1954: checking whether build environment is sane
configure:2014: result: yes
configure:2155: checking for a thread-safe mkdir -p
configure:2194: result: /bin/mkdir -p
configure:2207: checking for gawk
configure:2223: found /usr/bin/gawk
configure:2234: result: gawk
configure:2245: checking whether make sets $(MAKE)
configure:2267: result: yes
configure:2399: checking for gcc
configure:2415: found /usr/bin/gcc
configure:2426: result: gcc
configure:2658: checking for C compiler version
configure:2666: gcc --version >&5
gcc (GCC) 4.4.7 20120313 (Red Hat 4.4.7-17)
Copyright (C) 2010 Free Software Foundation, Inc.
This is free software; see the source for copying conditions.  There is NO
warranty; not even for MERCHANTABILITY or FITNESS FOR A PARTICULAR PURPOSE.

configure:2670: $? = 0
configure:2677: gcc -v >&5
Using built-in specs.
Target: x86_64-redhat-linux
Configured with: ../configure --prefix=/usr --mandir=/usr/share/man --infodir=/usr/share/info --with-bugurl=http://bugzilla.redhat.com/bugzilla --enable-bootstrap --enable-shared --enable-threads=posix --enable-checking=release --with-system-zlib --enable-__cxa_atexit --disable-libunwind-exceptions --enable-gnu-unique-object --enable-languages=c,c++,objc,obj-c++,java,fortran,ada --enable-java-awt=gtk --disable-dssi --with-java-home=/usr/lib/jvm/java-1.5.0-gcj-1.5.0.0/jre --enable-libgcj-multifile --enable-java-maintainer-mode --with-ecj-jar=/usr/share/java/eclipse-ecj.jar --disable-libjava-multilib --with-ppl --with-cloog --with-tune=generic --with-arch_32=i686 --build=x86_64-redhat-linux
Thread model: posix
gcc version 4.4.7 20120313 (Red Hat 4.4.7-17) (GCC) 
configure:2681: $? = 0
configure:2688: gcc -V >&5
gcc: '-V' option must have argument
configure:2692: $? = 1
configure:2715: checking for C compiler default output file name
configure:2737: gcc    conftest.c  >&5
configure:2741: $? = 0
configure:2779: result: a.out
configure:2798: checking whether the C compiler works
configure:2808: ./a.out
configure:2812: $? = 0
configure:2831: result: yes
configure:2838: checking whether we are cross compiling
configure:2840: result: no
configure:2843: checking for suffix of executables
configure:2850: gcc -o conftest    conftest.c  >&5
configure:2854: $? = 0
configure:2880: result: 
configure:2886: checking for suffix of object files
configure:2912: gcc -c   conftest.c >&5
configure:2916: $? = 0
configure:2941: result: o
configure:2945: checking whether we are using the GNU C compiler
configure:2974: gcc -c   conftest.c >&5
configure:2981: $? = 0
configure:2998: result: yes
configure:3007: checking whether gcc accepts -g
configure:3037: gcc -c -g  conftest.c >&5
configure:3044: $? = 0
configure:3145: result: yes
configure:3162: checking for gcc option to accept ISO C89
configure:3236: gcc  -c -g -O2  conftest.c >&5
configure:3243: $? = 0
configure:3266: result: none needed
configure:3295: checking for style of include used by make
configure:3323: result: GNU
configure:3348: checking dependency style of gcc
configure:3458: result: gcc3
configure:3478: checking for main in -lm
configure:3507: gcc -o conftest -g -O2   conftest.c -lm   >&5
configure:3514: $? = 0
configure:3535: result: yes
configure:3553: checking how to run the C preprocessor
configure:3593: gcc -E  conftest.c
configure:3600: $? = 0
configure:3631: gcc -E  conftest.c
conftest.c:11:28: error: ac_nonexistent.h: No such file or directory
configure:3638: $? = 1
configure: failed program was:
| /* confdefs.h.  */
| #define PACKAGE_NAME "mathformula"
| #define PACKAGE_TARNAME "mathformula"
| #define PACKAGE_VERSION "1.0.0"
| #define PACKAGE_STRING "mathformula 1.0.0"
| #define PACKAGE_BUGREPORT "pyqhaoku@163.com"
| #define PACKAGE "mathformula"
| #define VERSION "1.0.0"
| #define HAVE_LIBM 1
| /* end confdefs.h.  */
| #include <ac_nonexistent.h>
configure:3671: result: gcc -E
configure:3700: gcc -E  conftest.c
configure:3707: $? = 0
configure:3738: gcc -E  conftest.c
conftest.c:11:28: error: ac_nonexistent.h: No such file or directory
configure:3745: $? = 1
configure: failed program was:
| /* confdefs.h.  */
| #define PACKAGE_NAME "mathformula"
| #define PACKAGE_TARNAME "mathformula"
| #define PACKAGE_VERSION "1.0.0"
| #define PACKAGE_STRING "mathformula 1.0.0"
| #define PACKAGE_BUGREPORT "pyqhaoku@163.com"
| #define PACKAGE "mathformula"
| #define VERSION "1.0.0"
| #define HAVE_LIBM 1
| /* end confdefs.h.  */
| #include <ac_nonexistent.h>
configure:3785: checking for grep that handles long lines and -e
configure:3845: result: /bin/grep
configure:3850: checking for egrep
configure:3914: result: /bin/grep -E
configure:3919: checking for ANSI C header files
configure:3949: gcc -c -g -O2  conftest.c >&5
configure:3956: $? = 0
configure:4055: gcc -o conftest -g -O2   conftest.c -lm  >&5
configure:4059: $? = 0
configure:4065: ./conftest
configure:4069: $? = 0
configure:4087: result: yes
configure:4111: checking for sys/types.h
configure:4132: gcc -c -g -O2  conftest.c >&5
configure:4139: $? = 0
configure:4156: result: yes
configure:4111: checking for sys/stat.h
configure:4132: gcc -c -g -O2  conftest.c >&5
configure:4139: $? = 0
configure:4156: result: yes
configure:4111: checking for stdlib.h
configure:4132: gcc -c -g -O2  conftest.c >&5
configure:4139: $? = 0
configure:4156: result: yes
configure:4111: checking for string.h
configure:4132: gcc -c -g -O2  conftest.c >&5
configure:4139: $? = 0
configure:4156: result: yes
configure:4111: checking for memory.h
configure:4132: gcc -c -g -O2  conftest.c >&5
configure:4139: $? = 0
configure:4156: result: yes
configure:4111: checking for strings.h
configure:4132: gcc -c -g -O2  conftest.c >&5
configure:4139: $? = 0
configure:4156: result: yes
configure:4111: checking for inttypes.h
configure:4132: gcc -c -g -O2  conftest.c >&5
configure:4139: $? = 0
configure:4156: result: yes
configure:4111: checking for stdint.h
configure:4132: gcc -c -g -O2  conftest.c >&5
configure:4139: $? = 0
configure:4156: result: yes
configure:4111: checking for unistd.h
configure:4132: gcc -c -g -O2  conftest.c >&5
configure:4139: $? = 0
configure:4156: result: yes
configure:4176: checking for stdlib.h
configure:4183: result: yes
configure:4176: checking for string.h
configure:4183: result: yes
configure:4331: checking for stdlib.h
configure:4338: result: yes
configure:4477: checking for GNU libc compatible malloc
configure:4511: gcc -o conftest -g -O2   conftest.c -lm  >&5
configure:4515: $? = 0
configure:4521: ./conftest
configure:4525: $? = 0
configure:4542: result: yes
configure:4575: checking for stdlib.h
configure:4582: result: yes
configure:4721: checking for GNU libc compatible realloc
configure:4755: gcc -o conftest -g -O2   conftest.c -lm  >&5
configure:4759: $? = 0
configure:4765: ./conftest
configure:4769: $? = 0
configure:4786: result: yes
configure:4820: checking for memset
configure:4876: gcc -o conftest -g -O2   conftest.c -lm  >&5
conftest.c:50: warning: conflicting types for built-in function 'memset'
configure:4883: $? = 0
configure:4905: result: yes
configure:4820: checking for strdup
configure:4876: gcc -o conftest -g -O2   conftest.c -lm  >&5
conftest.c:51: warning: conflicting types for built-in function 'strdup'
configure:4883: $? = 0
configure:4905: result: yes
configure:4820: checking for strstr
configure:4876: gcc -o conftest -g -O2   conftest.c -lm  >&5
conftest.c:52: warning: conflicting types for built-in function 'strstr'
configure:4883: $? = 0
configure:4905: result: yes
configure:5044: creating ./config.status

## ---------------------- ##
## Running config.status. ##
## ---------------------- ##

This file was extended by mathformula config.status 1.0.0, which was
generated by GNU Autoconf 2.63.  Invocation command line was

  CONFIG_FILES    = 
  CONFIG_HEADERS  = 
  CONFIG_LINKS    = 
  CONFIG_COMMANDS = 
  $ ./config.status 

on localhost.localdomain

config.status:782: creating Makefile
config.status:782: creating src/Makefile
config.status:782: creating config.h
config.status:1004: config.h is unchanged
config.status:1056: executing depfiles commands

## ---------------- ##
## Cache variables. ##
## ---------------- ##

ac_cv_c_compiler_gnu=yes
ac_cv_env_CC_set=
ac_cv_env_CC_value=
ac_cv_env_CFLAGS_set=
ac_cv_env_CFLAGS_value=
ac_cv_env_CPPFLAGS_set=
ac_cv_env_CPPFLAGS_value=
ac_cv_env_CPP_set=
ac_cv_env_CPP_value=
ac_cv_env_LDFLAGS_set=
ac_cv_env_LDFLAGS_value=
ac_cv_env_LIBS_set=
ac_cv_env_LIBS_value=
ac_cv_env_build_alias_set=
ac_cv_env_build_alias_value=
ac_cv_env_host_alias_set=
ac_cv_env_host_alias_value=
ac_cv_env_target_alias_set=
ac_cv_env_target_alias_value=
ac_cv_func_malloc_0_nonnull=yes
ac_cv_func_memset=yes
ac_cv_func_realloc_0_nonnull=yes
ac_cv_func_strdup=yes
ac_cv_func_strstr=yes
ac_cv_header_inttypes_h=yes
ac_cv_header_memory_h=yes
ac_cv_header_stdc=yes
ac_cv_header_stdint_h=yes
ac_cv_header_stdlib_h=yes
ac_cv_header_string_h=yes
ac_cv_header_strings_h=yes
ac_cv_header_sys_stat_h=yes
ac_cv_header_sys_types_h=yes
ac_cv_header_unistd_h=yes
ac_cv_lib_m_main=yes
ac_cv_objext=o
ac_cv_path_EGREP='/bin/grep -E'
ac_cv_path_GREP=/bin/grep
ac_cv_path_install='/usr/bin/install -c'
ac_cv_path_mkdir=/bin/mkdir
ac_cv_prog_AWK=gawk
ac_cv_prog_CPP='gcc -E'
ac_cv_prog_ac_ct_CC=gcc
ac_cv_prog_cc_c89=
ac_cv_prog_cc_g=yes
ac_cv_prog_make_make_set=yes
am_cv_CC_dependencies_compiler_type=gcc3

## ----------------- ##
## Output variables. ##
## ----------------- ##

ACLOCAL='${SHELL} /home/omc/src-develop/mathformula/missing --run aclocal-1.11'
AMDEPBACKSLASH='\'
AMDEP_FALSE='#'
AMDEP_TRUE=''
AMTAR='${SHELL} /home/omc/src-develop/mathformula/missing --run tar'
AUTOCONF='${SHELL} /home/omc/src-develop/mathformula/missing --run autoconf'
AUTOHEADER='${SHELL} /home/omc/src-develop/mathformula/missing --run autoheader'
AUTOMAKE='${SHELL} /home/omc/src-develop/mathformula/missing --run automake-1.11'
AWK='gawk'
CC='gcc'
CCDEPMODE='depmode=gcc3'
CFLAGS='-g -O2'
CPP='gcc -E'
CPPFLAGS=''
CYGPATH_W='echo'
DEFS='-DHAVE_CONFIG_H'
DEPDIR='.deps'
ECHO_C=''
ECHO_N='-n'
ECHO_T=''
EGREP='/bin/grep -E'
EXEEXT=''
GREP='/bin/grep'
INSTALL_DATA='${INSTALL} -m 644'
INSTALL_PROGRAM='${INSTALL}'
INSTALL_SCRIPT='${INSTALL}'
INSTALL_STRIP_PROGRAM='$(install_sh) -c -s'
LDFLAGS=''
LIBOBJS=''
LIBS='-lm '
LTLIBOBJS=''
MAKEINFO='${SHELL} /home/omc/src-develop/mathformula/missing --run makeinfo'
MKDIR_P='/bin/mkdir -p'
OBJEXT='o'
PACKAGE='mathformula'
PACKAGE_BUGREPORT='pyqhaoku@163.com'
PACKAGE_NAME='mathformula'
PACKAGE_STRING='mathformula 1.0.0'
PACKAGE_TARNAME='mathformula'
PACKAGE_VERSION='1.0.0'
PATH_SEPARATOR=':'
SET_MAKE=''
SHELL='/bin/sh'
STRIP=''
VERSION='1.0.0'
ac_ct_CC='gcc'
am__EXEEXT_FALSE=''
am__EXEEXT_TRUE='#'
am__fastdepCC_FALSE='#'
am__fastdepCC_TRUE=''
am__include='include'
am__isrc=''
am__leading_dot='.'
am__quote=''
am__tar='${AMTAR} chof - "$$tardir"'
am__untar='${AMTAR} xf -'
bindir='${exec_prefix}/bin'
build_alias=''
datadir='${datarootdir}'
datarootdir='${prefix}/share'
docdir='${datarootdir}/doc/${PACKAGE_TARNAME}'
dvidir='${docdir}'
exec_prefix='${prefix}'
host_alias=''
htmldir='${docdir}'
includedir='${prefix}/include'
infodir='${datarootdir}/info'
install_sh='${SHELL} /home/omc/src-develop/mathformula/install-sh'
libdir='${exec_prefix}/lib'
libexecdir='${exec_prefix}/libexec'
localedir='${datarootdir}/locale'
localstatedir='${prefix}/var'
mandir='${datarootdir}/man'
mkdir_p='/bin/mkdir -p'
oldincludedir='/usr/include'
pdfdir='${docdir}'
prefix='/usr/local'
program_transform_name='s,x,x,'
psdir='${docdir}'
sbindir='${exec_prefix}/sbin'
sharedstatedir='${prefix}/com'
sysconfdir='${prefix}/etc'
target_alias=''

## ----------- ##
## confdefs.h. ##
## ----------- ##

#define PACKAGE_NAME "mathformula"
#define PACKAGE_TARNAME "mathformula"
#define PACKAGE_VERSION "1.0.0"
#define PACKAGE_STRING "mathformula 1.0.0"
#define PACKAGE_BUGREPORT "pyqhaoku@163.com"
#define PACKAGE "mathformula"
#define VERSION "1.0.0"
#define HAVE_LIBM 1
#define STDC_HEADERS 1
#define HAVE_SYS_TYPES_H 1
#define HAVE_SYS_STAT_H 1
#define HAVE_STDLIB_H 1
#define HAVE_STRING_H 1
#define HAVE_MEMORY_H 1
#define HAVE_STRINGS_H 1
#define HAVE_INTTYPES_H 1
#define HAVE_STDINT_H 1
#define HAVE_UNISTD_H 1
#define HAVE_STDLIB_H 1
#define HAVE_STRING_H 1
#define HAVE_STDLIB_H 1
#define HAVE_MALLOC 1
#define HAVE_STDLIB_H 1
#define HAVE_REALLOC 1
#define HAVE_MEMSET 1
#define HAVE_STRDUP 1
#define HAVE_STRSTR 1

configure: exit 0

## ---------------------- ##
## Running config.status. ##
## ---------------------- ##

This file was extended by mathformula config.status 1.0.0, which was
generated by GNU Autoconf 2.63.  Invocation command line was

  CONFIG_FILES    = 
  CONFIG_HEADERS  = 
  CONFIG_LINKS    = 
  CONFIG_COMMANDS = 
  $ ./config.status config.h

on localhost.localdomain

config.status:782: creating config.h
config.status:1004: config.h is unchanged
